<?xml version="1.0" encoding="UTF-8"?>
<!-- Generated by org.testng.reporters.JUnitReportReporter -->
<testsuite hostname="LAPTOP-H8UC2QRU" name="org.example.MainTests" tests="5" failures="0" timestamp="17 Jun 2021 09:21:08 GMT" time="163.027" errors="0">
  <testcase name="registerOverSixteen" time="37.786" classname="org.example.MainTests"/>
  <testcase name="login" time="22.363" classname="org.example.MainTests"/>
  <testcase name="registerBelowSixteen" time="34.572" classname="org.example.MainTests"/>
  <testcase name="addGrade" time="41.778" classname="org.example.MainTests"/>
  <testcase name="createTimeTable" time="26.528" classname="org.example.MainTests"/>
</testsuite> <!-- org.example.MainTests -->
