<?xml version="1.0" encoding="UTF-8"?>
<!-- Generated by org.testng.reporters.JUnitReportReporter -->
<testsuite hostname="LAPTOP-H8UC2QRU" name="org.example.MainTests" tests="1" failures="0" timestamp="17 Jun 2021 11:28:28 GMT" time="25.127" errors="0">
  <testcase name="login" time="25.127" classname="org.example.MainTests"/>
</testsuite> <!-- org.example.MainTests -->
